2015-03-24 23:11:58-0400 [scrapy] INFO: Scrapy 0.24.5 started (bot: yelp_crawler)
2015-03-24 23:11:58-0400 [scrapy] INFO: Optional features available: ssl, http11
2015-03-24 23:11:58-0400 [scrapy] INFO: Overridden settings: {'NEWSPIDER_MODULE': 'yelp_crawler.spiders', 'FEED_URI': './03-24-2015-23:11:56-yelp_malls.csv', 'SPIDER_MODULES': ['yelp_crawler.spiders'], 'BOT_NAME': 'yelp_crawler', 'USER_AGENT': 'Mozilla/5.0 (Macintosh; Intel Mac OS X 10_10_1) AppleWebKit/537.36 (KHTML, like Gecko) Chrome/41.0.2272.101 Safari/537.36', 'FEED_FORMAT': 'csv', 'LOG_FILE': '03-24-2015-23:11:56-yelp_spider.log', 'DOWNLOAD_DELAY': 5}
2015-03-24 23:11:58-0400 [scrapy] INFO: Enabled extensions: FeedExporter, LogStats, TelnetConsole, CloseSpider, WebService, CoreStats, SpiderState
2015-03-24 23:11:58-0400 [scrapy] INFO: Enabled downloader middlewares: HttpAuthMiddleware, DownloadTimeoutMiddleware, UserAgentMiddleware, RetryMiddleware, DefaultHeadersMiddleware, MetaRefreshMiddleware, HttpCompressionMiddleware, RedirectMiddleware, CookiesMiddleware, ChunkedTransferMiddleware, DownloaderStats
2015-03-24 23:11:58-0400 [scrapy] INFO: Enabled spider middlewares: HttpErrorMiddleware, OffsiteMiddleware, RefererMiddleware, UrlLengthMiddleware, DepthMiddleware
2015-03-24 23:11:58-0400 [scrapy] INFO: Enabled item pipelines: 
2015-03-24 23:11:58-0400 [yelp] INFO: Spider opened
2015-03-24 23:11:58-0400 [yelp] INFO: Crawled 0 pages (at 0 pages/min), scraped 0 items (at 0 items/min)
2015-03-24 23:11:58-0400 [scrapy] DEBUG: Telnet console listening on 127.0.0.1:6023
2015-03-24 23:11:58-0400 [scrapy] DEBUG: Web service listening on 127.0.0.1:6080
2015-03-24 23:11:59-0400 [yelp] DEBUG: Crawled (200) <GET http://www.yelp.com/search?ns=1&find_desc=something%20to%20talk%20about> (referer: None)
2015-03-24 23:11:59-0400 [yelp] DEBUG: Scraped from <200 http://www.yelp.com/search?ns=1&find_desc=something%20to%20talk%20about>
	{'category': [],
	 'name': u'something to talk about',
	 'price_range': [],
	 'rate': [],
	 'url': [u'/biz/something-to-talk-about-springfield?osq=something+to+talk+about']}
2015-03-24 23:12:05-0400 [yelp] DEBUG: Crawled (200) <GET http://www.yelp.com/search?ns=1&find_desc=beau%20cadeau%20foods> (referer: None)
2015-03-24 23:12:11-0400 [yelp] DEBUG: Crawled (200) <GET http://www.yelp.com/search?ns=1&find_desc=fightopia> (referer: None)
2015-03-24 23:12:18-0400 [yelp] DEBUG: Crawled (200) <GET http://www.yelp.com/search?ns=1&find_desc=abe%20intergroup> (referer: None)
2015-03-24 23:12:24-0400 [yelp] DEBUG: Crawled (200) <GET http://www.yelp.com/search?ns=1&find_desc=deutschdeutsch> (referer: None)
2015-03-24 23:12:28-0400 [yelp] DEBUG: Crawled (200) <GET http://www.yelp.com/search?ns=1&find_desc=j%20b%20robinson%20jewelers> (referer: None)
2015-03-24 23:12:28-0400 [yelp] DEBUG: Scraped from <200 http://www.yelp.com/search?ns=1&find_desc=j%20b%20robinson%20jewelers>
	{'category': [u'Kitchen & Bath', u'Furniture Stores', u'Mattresses'],
	 'name': u'j b robinson jewelers',
	 'price_range': [u'$$'],
	 'rate': [u'2.5 star rating'],
	 'url': [u'/biz/ikea-brooklyn-3?osq=j+b+robinson+jewelers']}
2015-03-24 23:12:35-0400 [yelp] DEBUG: Crawled (200) <GET http://www.yelp.com/search?ns=1&find_desc=samuels%20jewelers> (referer: None)
2015-03-24 23:12:35-0400 [yelp] DEBUG: Scraped from <200 http://www.yelp.com/search?ns=1&find_desc=samuels%20jewelers>
	{'category': [u'Jewelry'],
	 'name': u'samuels jewelers',
	 'price_range': [],
	 'rate': [u'5.0 star rating'],
	 'url': [u'/biz/shaw-jewelers-fairfield-2?osq=samuels+jewelers']}
2015-03-24 23:12:42-0400 [yelp] DEBUG: Crawled (200) <GET http://www.yelp.com/search?ns=1&find_desc=cellular%20inc%20> (referer: None)
2015-03-24 23:12:42-0400 [yelp] DEBUG: Scraped from <200 http://www.yelp.com/search?ns=1&find_desc=cellular%20inc%20>
	{'category': [u'Mobile Phones'],
	 'name': u'cellular inc ',
	 'price_range': [u'$'],
	 'rate': [u'5.0 star rating'],
	 'url': [u'/biz/illionaire-cellular-inc-sunset-park']}
2015-03-24 23:12:50-0400 [yelp] DEBUG: Crawled (200) <GET http://www.yelp.com/search?ns=1&find_desc=nike%20shop> (referer: None)
2015-03-24 23:12:50-0400 [yelp] DEBUG: Scraped from <200 http://www.yelp.com/search?ns=1&find_desc=nike%20shop>
	{'category': [u'Sports Wear'],
	 'name': u'nike shop',
	 'price_range': [u'$$$'],
	 'rate': [u'3.5 star rating'],
	 'url': [u'/biz/nike-new-york']}
2015-03-24 23:12:56-0400 [yelp] DEBUG: Crawled (200) <GET http://www.yelp.com/search?ns=1&find_desc=puppy%20love> (referer: None)
2015-03-24 23:12:56-0400 [yelp] DEBUG: Scraped from <200 http://www.yelp.com/search?ns=1&find_desc=puppy%20love>
	{'category': [u'Pet Groomers'],
	 'name': u'puppy love',
	 'price_range': [],
	 'rate': [u'3.0 star rating'],
	 'url': [u'/biz/puppy-love-and-kitty-kat-new-york']}
2015-03-24 23:12:58-0400 [yelp] INFO: Crawled 10 pages (at 10 pages/min), scraped 6 items (at 6 items/min)
2015-03-24 23:13:01-0400 [yelp] DEBUG: Crawled (200) <GET http://www.yelp.com/search?ns=1&find_desc=mojito%20grill> (referer: None)
2015-03-24 23:13:01-0400 [yelp] DEBUG: Scraped from <200 http://www.yelp.com/search?ns=1&find_desc=mojito%20grill>
	{'category': [u'Caribbean', u'Cuban', u'Latin American'],
	 'name': u'mojito grill',
	 'price_range': [u'$$'],
	 'rate': [u'4.5 star rating'],
	 'url': [u'/biz/mojito-tropical-grill-cafe-restaurant-bayonne']}
2015-03-24 23:13:06-0400 [yelp] DEBUG: Crawled (200) <GET http://www.yelp.com/search?ns=1&find_desc=gq%20sports> (referer: None)
2015-03-24 23:13:06-0400 [yelp] DEBUG: Scraped from <200 http://www.yelp.com/search?ns=1&find_desc=gq%20sports>
	{'category': [u'Coffee & Tea', u'Sporting Goods'],
	 'name': u'gq sports',
	 'price_range': [u'$$'],
	 'rate': [u'3.5 star rating'],
	 'url': [u'/biz/saturdays-surf-nyc-new-york?osq=gq+sports']}
2015-03-24 23:13:11-0400 [yelp] DEBUG: Crawled (200) <GET http://www.yelp.com/search?ns=1&find_desc=the%20monkey%20bar> (referer: None)
2015-03-24 23:13:11-0400 [yelp] DEBUG: Scraped from <200 http://www.yelp.com/search?ns=1&find_desc=the%20monkey%20bar>
	{'category': [u'American (Traditional)', u'Bars'],
	 'name': u'the monkey bar',
	 'price_range': [u'$$$'],
	 'rate': [u'3.5 star rating'],
	 'url': [u'/biz/monkey-bar-new-york']}
2015-03-24 23:13:16-0400 [yelp] DEBUG: Crawled (200) <GET http://www.yelp.com/search?ns=1&find_desc=right%20size%20alterations*> (referer: None)
2015-03-24 23:13:16-0400 [yelp] DEBUG: Scraped from <200 http://www.yelp.com/search?ns=1&find_desc=right%20size%20alterations*>
	{'category': [u'Sewing & Alterations'],
	 'name': u'right size alterations*',
	 'price_range': [],
	 'rate': [u'4.5 star rating'],
	 'url': [u'/biz/fulani-ny-brooklyn?osq=right+size+alterations%2A']}
2015-03-24 23:13:21-0400 [yelp] DEBUG: Crawled (200) <GET http://www.yelp.com/search?ns=1&find_desc=the%20room%20store> (referer: None)
2015-03-24 23:13:21-0400 [yelp] DEBUG: Scraped from <200 http://www.yelp.com/search?ns=1&find_desc=the%20room%20store>
	{'category': [u'Furniture Stores'],
	 'name': u'the room store',
	 'price_range': [],
	 'rate': [],
	 'url': [u'/biz/room-new-york']}
2015-03-24 23:13:27-0400 [yelp] DEBUG: Crawled (200) <GET http://www.yelp.com/search?ns=1&find_desc=house%20doctor%20of%20fayetteville> (referer: None)
2015-03-24 23:13:35-0400 [yelp] DEBUG: Crawled (200) <GET http://www.yelp.com/search?ns=1&find_desc=cinema%20cafe> (referer: None)
2015-03-24 23:13:35-0400 [yelp] DEBUG: Scraped from <200 http://www.yelp.com/search?ns=1&find_desc=cinema%20cafe>
	{'category': [u'American (Traditional)'],
	 'name': u'cinema cafe',
	 'price_range': [u'$$'],
	 'rate': [u'3.0 star rating'],
	 'url': [u'/biz/cinema-cafe-new-york-2']}
2015-03-24 23:13:41-0400 [yelp] DEBUG: Crawled (200) <GET http://www.yelp.com/search?ns=1&find_desc=waldenbooks> (referer: None)
2015-03-24 23:13:41-0400 [yelp] DEBUG: Scraped from <200 http://www.yelp.com/search?ns=1&find_desc=waldenbooks>
	{'category': [u'Bookstores'],
	 'name': u'waldenbooks',
	 'price_range': [u'$$'],
	 'rate': [u'4.5 star rating'],
	 'url': [u'/biz/bookcourt-brooklyn?osq=waldenbooks']}
2015-03-24 23:13:46-0400 [yelp] DEBUG: Crawled (200) <GET http://www.yelp.com/search?ns=1&find_desc=marie%20calendars%20bakecafe> (referer: None)
2015-03-24 23:13:53-0400 [yelp] DEBUG: Crawled (200) <GET http://www.yelp.com/search?ns=1&find_desc=happy%20nails> (referer: None)
2015-03-24 23:13:53-0400 [yelp] DEBUG: Scraped from <200 http://www.yelp.com/search?ns=1&find_desc=happy%20nails>
	{'category': [u'Nail Salons'],
	 'name': u'happy nails',
	 'price_range': [u'$'],
	 'rate': [u'2.0 star rating'],
	 'url': [u'/biz/happy-nails-brooklyn-2']}
2015-03-24 23:13:58-0400 [yelp] INFO: Crawled 20 pages (at 10 pages/min), scraped 14 items (at 8 items/min)
2015-03-24 23:14:00-0400 [yelp] DEBUG: Crawled (200) <GET http://www.yelp.com/search?ns=1&find_desc=casa%20gallardo> (referer: None)
2015-03-24 23:14:00-0400 [yelp] DEBUG: Scraped from <200 http://www.yelp.com/search?ns=1&find_desc=casa%20gallardo>
	{'category': [u'Italian', u'Seafood'],
	 'name': u'casa gallardo',
	 'price_range': [u'$$$$'],
	 'rate': [u'4.0 star rating'],
	 'url': [u'/biz/marea-new-york?osq=casa+gallardo']}
2015-03-24 23:14:07-0400 [yelp] DEBUG: Crawled (200) <GET http://www.yelp.com/search?ns=1&find_desc=nora%20threading> (referer: None)
2015-03-24 23:14:07-0400 [yelp] DEBUG: Scraped from <200 http://www.yelp.com/search?ns=1&find_desc=nora%20threading>
	{'category': [u'Day Spas', u'Hair Removal', u'Makeup Artists'],
	 'name': u'nora threading',
	 'price_range': [u'$'],
	 'rate': [u'4.0 star rating'],
	 'url': [u'/biz/jaime-day-spa-new-york?osq=nora+threading']}
2015-03-24 23:14:15-0400 [yelp] DEBUG: Crawled (200) <GET http://www.yelp.com/search?ns=1&find_desc=diamond%20resort> (referer: None)
2015-03-24 23:14:15-0400 [yelp] DEBUG: Scraped from <200 http://www.yelp.com/search?ns=1&find_desc=diamond%20resort>
	{'category': [u'Hotels'],
	 'name': u'diamond resort',
	 'price_range': [u'$$$'],
	 'rate': [u'4.0 star rating'],
	 'url': [u'/biz/andaz-wall-street-new-york?osq=diamond+resort']}
2015-03-24 23:14:22-0400 [yelp] DEBUG: Crawled (200) <GET http://www.yelp.com/search?ns=1&find_desc=mountain%20state%20university> (referer: None)
2015-03-24 23:14:22-0400 [yelp] DEBUG: Scraped from <200 http://www.yelp.com/search?ns=1&find_desc=mountain%20state%20university>
	{'category': [u'Private Tutors', u'Test Preparation'],
	 'name': u'mountain state university',
	 'price_range': [],
	 'rate': [u'5.0 star rating'],
	 'url': [u'/biz/180-degrees-lsat-brooklyn?osq=mountain+state+university']}
2015-03-24 23:14:28-0400 [yelp] DEBUG: Crawled (200) <GET http://www.yelp.com/search?ns=1&find_desc=tcby> (referer: None)
2015-03-24 23:14:28-0400 [yelp] DEBUG: Scraped from <200 http://www.yelp.com/search?ns=1&find_desc=tcby>
	{'category': [u'Ice Cream & Frozen Yogurt'],
	 'name': u'tcby',
	 'price_range': [],
	 'rate': [u'5.0 star rating'],
	 'url': [u'/biz/tcby-brooklyn']}
2015-03-24 23:14:34-0400 [yelp] DEBUG: Crawled (200) <GET http://www.yelp.com/search?ns=1&find_desc=chop%20sticks%20japan> (referer: None)
2015-03-24 23:14:34-0400 [yelp] DEBUG: Scraped from <200 http://www.yelp.com/search?ns=1&find_desc=chop%20sticks%20japan>
	{'category': [u'Sushi Bars', u'Japanese'],
	 'name': u'chop sticks japan',
	 'price_range': [u'$$'],
	 'rate': [u'4.0 star rating'],
	 'url': [u'/biz/ki-sushi-brooklyn?osq=chop+sticks+japan']}
2015-03-24 23:14:40-0400 [yelp] DEBUG: Crawled (200) <GET http://www.yelp.com/search?ns=1&find_desc=sweetwaters> (referer: None)
2015-03-24 23:14:40-0400 [yelp] DEBUG: Scraped from <200 http://www.yelp.com/search?ns=1&find_desc=sweetwaters>
	{'category': [u'American (New)'],
	 'name': u'sweetwaters',
	 'price_range': [u'$$'],
	 'rate': [u'3.5 star rating'],
	 'url': [u'/biz/sweetwater-restaurant-brooklyn-2?osq=sweetwaters']}
2015-03-24 23:14:47-0400 [yelp] DEBUG: Crawled (200) <GET http://www.yelp.com/search?ns=1&find_desc=armed%20forces%20recruiting%20center> (referer: None)
2015-03-24 23:14:47-0400 [yelp] DEBUG: Scraped from <200 http://www.yelp.com/search?ns=1&find_desc=armed%20forces%20recruiting%20center>
	{'category': [u'Libraries'],
	 'name': u'armed forces recruiting center',
	 'price_range': [],
	 'rate': [u'4.5 star rating'],
	 'url': [u'/biz/new-york-public-library-new-york-63?osq=armed+forces+recruiting+center']}
2015-03-24 23:14:54-0400 [yelp] DEBUG: Crawled (200) <GET http://www.yelp.com/search?ns=1&find_desc=dr%20mcshane> (referer: None)
2015-03-24 23:14:54-0400 [yelp] DEBUG: Scraped from <200 http://www.yelp.com/search?ns=1&find_desc=dr%20mcshane>
	{'category': [u'Cosmetic Surgeons'],
	 'name': u'dr mcshane',
	 'price_range': [],
	 'rate': [],
	 'url': [u'/biz/mcshane-richard-h-md-west-orange']}
2015-03-24 23:14:58-0400 [yelp] INFO: Crawled 29 pages (at 9 pages/min), scraped 23 items (at 9 items/min)
2015-03-24 23:14:59-0400 [yelp] DEBUG: Crawled (200) <GET http://www.yelp.com/search?ns=1&find_desc=urban%20home%20furnishings> (referer: None)
2015-03-24 23:14:59-0400 [yelp] DEBUG: Scraped from <200 http://www.yelp.com/search?ns=1&find_desc=urban%20home%20furnishings>
	{'category': [u'Furniture Stores', u'Mattresses'],
	 'name': u'urban home furnishings',
	 'price_range': [u'$$$'],
	 'rate': [u'5.0 star rating'],
	 'url': [u'/biz/urban-natural-home-furnishings-east-hanover']}
2015-03-24 23:15:06-0400 [yelp] DEBUG: Crawled (200) <GET http://www.yelp.com/search?ns=1&find_desc=got%20beans> (referer: None)
2015-03-24 23:15:06-0400 [yelp] DEBUG: Scraped from <200 http://www.yelp.com/search?ns=1&find_desc=got%20beans>
	{'category': [u'Juice Bars & Smoothies'],
	 'name': u'got beans',
	 'price_range': [u'$'],
	 'rate': [u'4.5 star rating'],
	 'url': [u'/biz/punchline-juice-bar-brooklyn?osq=got+beans']}
2015-03-24 23:15:13-0400 [yelp] DEBUG: Crawled (200) <GET http://www.yelp.com/search?ns=1&find_desc=the%20rugged%20bear> (referer: None)
2015-03-24 23:15:13-0400 [yelp] DEBUG: Scraped from <200 http://www.yelp.com/search?ns=1&find_desc=the%20rugged%20bear>
	{'category': [u"Children's Clothing"],
	 'name': u'the rugged bear',
	 'price_range': [],
	 'rate': [],
	 'url': [u'/biz/rugged-bear-inc-ridgewood']}
2015-03-24 23:15:19-0400 [yelp] DEBUG: Crawled (200) <GET http://www.yelp.com/search?ns=1&find_desc=ray-ban> (referer: None)
2015-03-24 23:15:19-0400 [yelp] DEBUG: Scraped from <200 http://www.yelp.com/search?ns=1&find_desc=ray-ban>
	{'category': [u'Optometrists', u'Eyewear & Opticians'],
	 'name': u'ray-ban',
	 'price_range': [u'$$'],
	 'rate': [u'4.0 star rating'],
	 'url': [u'/biz/urban-optical-brooklyn?osq=ray-ban']}
2015-03-24 23:15:24-0400 [yelp] DEBUG: Crawled (200) <GET http://www.yelp.com/search?ns=1&find_desc=zida%20fashion%20accessories> (referer: None)
2015-03-24 23:15:27-0400 [yelp] DEBUG: Crawled (200) <GET http://www.yelp.com/search?ns=1&find_desc=fossil%20company%20store> (referer: None)
2015-03-24 23:15:27-0400 [yelp] DEBUG: Scraped from <200 http://www.yelp.com/search?ns=1&find_desc=fossil%20company%20store>
	{'category': [u'Home Decor', u'Hobby Shops'],
	 'name': u'fossil company store',
	 'price_range': [u'$$$'],
	 'rate': [u'4.5 star rating'],
	 'url': [u'/biz/the-evolution-store-new-york?osq=fossil+company+store']}
2015-03-24 23:15:34-0400 [yelp] DEBUG: Crawled (200) <GET http://www.yelp.com/search?ns=1&find_desc=wind%20song> (referer: None)
2015-03-24 23:15:34-0400 [yelp] DEBUG: Scraped from <200 http://www.yelp.com/search?ns=1&find_desc=wind%20song>
	{'category': [],
	 'name': u'wind song',
	 'price_range': [],
	 'rate': [],
	 'url': [u'/biz/windsong-travel-inc-stony-point']}
2015-03-24 23:15:40-0400 [yelp] DEBUG: Crawled (200) <GET http://www.yelp.com/search?ns=1&find_desc=dennesios%20pizzeria> (referer: None)
2015-03-24 23:15:47-0400 [yelp] DEBUG: Crawled (200) <GET http://www.yelp.com/search?ns=1&find_desc=md%20fashion> (referer: None)
2015-03-24 23:15:47-0400 [yelp] DEBUG: Scraped from <200 http://www.yelp.com/search?ns=1&find_desc=md%20fashion>
	{'category': [],
	 'name': u'md fashion',
	 'price_range': [],
	 'rate': [],
	 'url': [u'/biz/dr-fashion-llc-new-york']}
2015-03-24 23:15:52-0400 [yelp] DEBUG: Crawled (200) <GET http://www.yelp.com/search?ns=1&find_desc=mrs%20fields%20cookies> (referer: None)
2015-03-24 23:15:52-0400 [yelp] DEBUG: Scraped from <200 http://www.yelp.com/search?ns=1&find_desc=mrs%20fields%20cookies>
	{'category': [u'Desserts', u'Bakeries', u'Juice Bars & Smoothies'],
	 'name': u'mrs fields cookies',
	 'price_range': [u'$'],
	 'rate': [u'3.0 star rating'],
	 'url': [u'/biz/mrs-fields-cookies-brooklyn']}
2015-03-24 23:15:58-0400 [yelp] INFO: Crawled 39 pages (at 10 pages/min), scraped 31 items (at 8 items/min)
